Copyright 1986-2020 Xilinx, Inc. All Rights Reserved.
-----------------------------------------------------------------------------------------------------------------------------------------------------------------------------
| Tool Version : Vivado v.2020.1 (win64) Build 2902540 Wed May 27 19:54:49 MDT 2020
| Date         : Wed Mar  2 12:26:09 2022
| Host         : PC-631 running 64-bit major release  (build 9200)
| Command      : report_methodology -file mux_3bit_4to1_methodology_drc_routed.rpt -pb mux_3bit_4to1_methodology_drc_routed.pb -rpx mux_3bit_4to1_methodology_drc_routed.rpx
| Design       : mux_3bit_4to1
| Device       : xc7a50ticsg324-1L
| Speed File   : -1L
| Design State : Fully Routed
-----------------------------------------------------------------------------------------------------------------------------------------------------------------------------

Report Methodology

Table of Contents
-----------------
1. REPORT SUMMARY
2. REPORT DETAILS

1. REPORT SUMMARY
-----------------
            Netlist: netlist
          Floorplan: design_1
      Design limits: <entire design considered>
             Max violations: <unlimited>
             Violations found: 1
+--------+----------+-------------------------------------------------+------------+
| Rule   | Severity | Description                                     | Violations |
+--------+----------+-------------------------------------------------+------------+
| XDCC-5 | Warning  | User Non-Timing constraint/property overwritten | 1          |
+--------+----------+-------------------------------------------------+------------+

2. REPORT DETAILS
-----------------
XDCC-5#1 Warning
User Non-Timing constraint/property overwritten  
A new XDC property IOSTANDARD on c_i[2] overrides a previous user property.
New Source: D:/Documents/xzarec01/digital-electronics-1/Labs/03-Gates/Multiplexer/mux_3bit_4to1/mux_3bit_4to1.srcs/constrs_1/new/nexys-a7-50t.xdc (Line: 23)
Previous Source: D:/Documents/xzarec01/digital-electronics-1/Labs/03-Gates/Multiplexer/mux_3bit_4to1/mux_3bit_4to1.srcs/constrs_1/new/nexys-a7-50t.xdc (Line: 20)
Related violations: <none>


